Using pre-set license
Built from '2020.3/staging' branch; Version is '2020.3.8f1 (507919d4fff5) revision 5273881'; Using compiler version '192528614'; Build Type 'Release'
OS: 'Windows 10 Pro; OS build 19042.1110; Version 2009; 64bit' Language: 'ru' Physical Memory: 16299 MB
BatchMode: 1, IsHumanControllingUs: 0, StartBugReporterOnCrash: 0, Is64bit: 1, IsPro: 0

 COMMAND LINE ARGUMENTS:
C:\Unity\2020.3.8f1\Editor\Unity.exe
-adb2
-batchMode
-noUpm
-name
AssetImportWorker1
-projectPath
C:/Unity/project/Rogalic/Aline2/Alien2
-logFile
Logs/AssetImportWorker1.log
-srvPort
50034
Successfully changed project path to: C:/Unity/project/Rogalic/Aline2/Alien2
C:/Unity/project/Rogalic/Aline2/Alien2
Using Asset Import Pipeline V2.
Refreshing native plugins compatible for Editor in 18.52 ms, found 0 plugins.
Preloading 0 native plugins for Editor in 0.00 ms.
Initialize engine version: 2020.3.8f1 (507919d4fff5)
[Subsystems] Discovering subsystems at path C:/Unity/2020.3.8f1/Editor/Data/Resources/UnitySubsystems
[Subsystems] Discovering subsystems at path C:/Unity/project/Rogalic/Aline2/Alien2/Assets
GfxDevice: creating device client; threaded=0
Direct3D:
    Version:  Direct3D 11.0 [level 11.1]
    Renderer: NVIDIA GeForce RTX 2080 SUPER (ID=0x1e81)
    Vendor:   
    VRAM:     8010 MB
    Driver:   30.0.14.7141
Initialize mono
Mono path[0] = 'C:/Unity/2020.3.8f1/Editor/Data/Managed'
Mono path[1] = 'C:/Unity/2020.3.8f1/Editor/Data/MonoBleedingEdge/lib/mono/unityjit'
Mono config path = 'C:/Unity/2020.3.8f1/Editor/Data/MonoBleedingEdge/etc'
Using monoOptions --debugger-agent=transport=dt_socket,embedding=1,server=y,suspend=n,address=127.0.0.1:56740
Begin MonoManager ReloadAssembly
Registering precompiled unity dll's ...
Register platform support module: C:/Unity/2020.3.8f1/Editor/Data/PlaybackEngines/WindowsStandaloneSupport/UnityEditor.WindowsStandalone.Extensions.dll
Registered in 0.001228 seconds.
Native extension for WindowsStandalone target not found
Refreshing native plugins compatible for Editor in 18.60 ms, found 0 plugins.
Preloading 0 native plugins for Editor in 0.00 ms.
Mono: successfully reloaded assembly
- Completed reload, in  2.828 seconds
Platform modules already initialized, skipping
Registering precompiled user dll's ...
Registered in 0.000990 seconds.
Begin MonoManager ReloadAssembly
Native extension for WindowsStandalone target not found
Refreshing native plugins compatible for Editor in 0.20 ms, found 0 plugins.
Preloading 0 native plugins for Editor in 0.00 ms.
Mono: successfully reloaded assembly
- Completed reload, in  0.603 seconds
Platform modules already initialized, skipping
========================================================================
Worker process is ready to serve import requests
Launched and connected shader compiler UnityShaderCompiler.exe after 0.03 seconds
Refreshing native plugins compatible for Editor in 0.20 ms, found 0 plugins.
Preloading 0 native plugins for Editor in 0.00 ms.
Unloading 1282 Unused Serialized files (Serialized files now loaded: 0)
System memory in use before: 62.8 MB.
System memory in use after: 62.8 MB.

Unloading 13 unused Assets to reduce memory usage. Loaded Objects now: 1727.
Total: 1.360700 ms (FindLiveObjects: 0.117600 ms CreateObjectMapping: 0.031800 ms MarkObjects: 1.158500 ms  DeleteObjects: 0.052400 ms)

========================================================================
Received Import Request.
  path: Assets/Scripts/InputManager.cs
  artifactKey: Guid(0d1c144f0d7a4d94f9ae46ac5fd296f0) Importer(815301076,1909f56bfc062723c751e8b465ee728b)
Start importing Assets/Scripts/InputManager.cs using Guid(0d1c144f0d7a4d94f9ae46ac5fd296f0) Importer(815301076,1909f56bfc062723c751e8b465ee728b)  -> (artifact id: 'aa4f6658455c368c5cad06875a7260a2') in 0.029718 seconds
  Import took 0.031143 seconds .

========================================================================
Received Prepare
Registering precompiled user dll's ...
Registered in 0.001062 seconds.
Begin MonoManager ReloadAssembly
Native extension for WindowsStandalone target not found
Refreshing native plugins compatible for Editor in 0.23 ms, found 0 plugins.
Preloading 0 native plugins for Editor in 0.00 ms.
Mono: successfully reloaded assembly
- Completed reload, in  0.565 seconds
Platform modules already initialized, skipping
Refreshing native plugins compatible for Editor in 0.19 ms, found 0 plugins.
Preloading 0 native plugins for Editor in 0.00 ms.
Unloading 1274 Unused Serialized files (Serialized files now loaded: 0)
System memory in use before: 62.5 MB.
System memory in use after: 62.6 MB.

Unloading 9 unused Assets to reduce memory usage. Loaded Objects now: 1729.
Total: 1.221000 ms (FindLiveObjects: 0.111700 ms CreateObjectMapping: 0.029700 ms MarkObjects: 1.036400 ms  DeleteObjects: 0.042600 ms)

========================================================================
Received Prepare
Registering precompiled user dll's ...
Registered in 0.000859 seconds.
Begin MonoManager ReloadAssembly
Native extension for WindowsStandalone target not found
Refreshing native plugins compatible for Editor in 0.21 ms, found 0 plugins.
Preloading 0 native plugins for Editor in 0.00 ms.
Mono: successfully reloaded assembly
- Completed reload, in  0.584 seconds
Platform modules already initialized, skipping
Refreshing native plugins compatible for Editor in 0.17 ms, found 0 plugins.
Preloading 0 native plugins for Editor in 0.00 ms.
Unloading 1274 Unused Serialized files (Serialized files now loaded: 0)
System memory in use before: 62.6 MB.
System memory in use after: 62.6 MB.

Unloading 8 unused Assets to reduce memory usage. Loaded Objects now: 1732.
Total: 1.169000 ms (FindLiveObjects: 0.103100 ms CreateObjectMapping: 0.030500 ms MarkObjects: 1.002500 ms  DeleteObjects: 0.032200 ms)

========================================================================
Received Prepare
Registering precompiled user dll's ...
Registered in 0.000922 seconds.
Begin MonoManager ReloadAssembly
Native extension for WindowsStandalone target not found
Refreshing native plugins compatible for Editor in 0.20 ms, found 0 plugins.
Preloading 0 native plugins for Editor in 0.00 ms.
Mono: successfully reloaded assembly
- Completed reload, in  0.569 seconds
Platform modules already initialized, skipping
Refreshing native plugins compatible for Editor in 0.19 ms, found 0 plugins.
Preloading 0 native plugins for Editor in 0.00 ms.
Unloading 1274 Unused Serialized files (Serialized files now loaded: 0)
System memory in use before: 62.6 MB.
System memory in use after: 62.7 MB.

Unloading 8 unused Assets to reduce memory usage. Loaded Objects now: 1735.
Total: 1.221600 ms (FindLiveObjects: 0.101900 ms CreateObjectMapping: 0.030100 ms MarkObjects: 1.054700 ms  DeleteObjects: 0.034300 ms)

========================================================================
Received Prepare
Registering precompiled user dll's ...
Registered in 0.000933 seconds.
Begin MonoManager ReloadAssembly
Native extension for WindowsStandalone target not found
Refreshing native plugins compatible for Editor in 0.21 ms, found 0 plugins.
Preloading 0 native plugins for Editor in 0.00 ms.
Mono: successfully reloaded assembly
- Completed reload, in  0.558 seconds
Platform modules already initialized, skipping
Refreshing native plugins compatible for Editor in 0.19 ms, found 0 plugins.
Preloading 0 native plugins for Editor in 0.00 ms.
Unloading 1274 Unused Serialized files (Serialized files now loaded: 0)
System memory in use before: 62.6 MB.
System memory in use after: 62.7 MB.

Unloading 8 unused Assets to reduce memory usage. Loaded Objects now: 1738.
Total: 1.323600 ms (FindLiveObjects: 0.107000 ms CreateObjectMapping: 0.030400 ms MarkObjects: 1.146600 ms  DeleteObjects: 0.038900 ms)

========================================================================
Received Prepare
Registering precompiled user dll's ...
Registered in 0.000870 seconds.
Begin MonoManager ReloadAssembly
Native extension for WindowsStandalone target not found
Refreshing native plugins compatible for Editor in 0.24 ms, found 0 plugins.
Preloading 0 native plugins for Editor in 0.00 ms.
Mono: successfully reloaded assembly
- Completed reload, in  0.571 seconds
Platform modules already initialized, skipping
Refreshing native plugins compatible for Editor in 0.23 ms, found 0 plugins.
Preloading 0 native plugins for Editor in 0.00 ms.
Unloading 1275 Unused Serialized files (Serialized files now loaded: 0)
System memory in use before: 62.6 MB.
System memory in use after: 62.7 MB.

Unloading 8 unused Assets to reduce memory usage. Loaded Objects now: 1742.
Total: 1.291600 ms (FindLiveObjects: 0.127000 ms CreateObjectMapping: 0.034100 ms MarkObjects: 1.083700 ms  DeleteObjects: 0.046100 ms)

========================================================================
Received Prepare
Registering precompiled user dll's ...
Registered in 0.000843 seconds.
Begin MonoManager ReloadAssembly
Native extension for WindowsStandalone target not found
Refreshing native plugins compatible for Editor in 0.21 ms, found 0 plugins.
Preloading 0 native plugins for Editor in 0.00 ms.
Mono: successfully reloaded assembly
- Completed reload, in  0.566 seconds
Platform modules already initialized, skipping
Refreshing native plugins compatible for Editor in 0.26 ms, found 0 plugins.
Preloading 0 native plugins for Editor in 0.00 ms.
Unloading 1275 Unused Serialized files (Serialized files now loaded: 0)
System memory in use before: 62.6 MB.
System memory in use after: 62.7 MB.

Unloading 8 unused Assets to reduce memory usage. Loaded Objects now: 1745.
Total: 1.283900 ms (FindLiveObjects: 0.113300 ms CreateObjectMapping: 0.030500 ms MarkObjects: 1.098800 ms  DeleteObjects: 0.040600 ms)

========================================================================
Received Prepare
Registering precompiled user dll's ...
Registered in 0.000941 seconds.
Begin MonoManager ReloadAssembly
Native extension for WindowsStandalone target not found
Refreshing native plugins compatible for Editor in 0.20 ms, found 0 plugins.
Preloading 0 native plugins for Editor in 0.00 ms.
Mono: successfully reloaded assembly
- Completed reload, in  0.573 seconds
Platform modules already initialized, skipping
Refreshing native plugins compatible for Editor in 0.20 ms, found 0 plugins.
Preloading 0 native plugins for Editor in 0.00 ms.
Unloading 1275 Unused Serialized files (Serialized files now loaded: 0)
System memory in use before: 62.6 MB.
System memory in use after: 62.7 MB.

Unloading 8 unused Assets to reduce memory usage. Loaded Objects now: 1748.
Total: 1.364400 ms (FindLiveObjects: 0.135700 ms CreateObjectMapping: 0.047000 ms MarkObjects: 1.146400 ms  DeleteObjects: 0.034700 ms)

========================================================================
Received Prepare
Registering precompiled user dll's ...
Registered in 0.001113 seconds.
Begin MonoManager ReloadAssembly
Native extension for WindowsStandalone target not found
Refreshing native plugins compatible for Editor in 0.20 ms, found 0 plugins.
Preloading 0 native plugins for Editor in 0.00 ms.
Mono: successfully reloaded assembly
- Completed reload, in  0.564 seconds
Platform modules already initialized, skipping
Refreshing native plugins compatible for Editor in 0.17 ms, found 0 plugins.
Preloading 0 native plugins for Editor in 0.00 ms.
Unloading 1275 Unused Serialized files (Serialized files now loaded: 0)
System memory in use before: 62.6 MB.
System memory in use after: 62.7 MB.

Unloading 8 unused Assets to reduce memory usage. Loaded Objects now: 1751.
Total: 1.180900 ms (FindLiveObjects: 0.100900 ms CreateObjectMapping: 0.030100 ms MarkObjects: 1.018300 ms  DeleteObjects: 0.031100 ms)

========================================================================
Received Import Request.
  Time since last request: 332.007891 seconds.
  path: Assets/Scripts/InputManager.cs
  artifactKey: Guid(0d1c144f0d7a4d94f9ae46ac5fd296f0) Importer(815301076,1909f56bfc062723c751e8b465ee728b)
Start importing Assets/Scripts/InputManager.cs using Guid(0d1c144f0d7a4d94f9ae46ac5fd296f0) Importer(815301076,1909f56bfc062723c751e8b465ee728b)  -> (artifact id: '88b4bd9d3d25c7d454c4838185afcf61') in 0.004401 seconds
  Import took 0.005685 seconds .

========================================================================
Received Prepare
Registering precompiled user dll's ...
Registered in 0.000930 seconds.
Begin MonoManager ReloadAssembly
Native extension for WindowsStandalone target not found
Refreshing native plugins compatible for Editor in 0.26 ms, found 0 plugins.
Preloading 0 native plugins for Editor in 0.00 ms.
Mono: successfully reloaded assembly
- Completed reload, in  0.563 seconds
Platform modules already initialized, skipping
Refreshing native plugins compatible for Editor in 0.19 ms, found 0 plugins.
Preloading 0 native plugins for Editor in 0.00 ms.
Unloading 1275 Unused Serialized files (Serialized files now loaded: 0)
System memory in use before: 62.6 MB.
System memory in use after: 62.7 MB.

Unloading 8 unused Assets to reduce memory usage. Loaded Objects now: 1754.
Total: 1.223800 ms (FindLiveObjects: 0.108900 ms CreateObjectMapping: 0.031200 ms MarkObjects: 1.047000 ms  DeleteObjects: 0.036200 ms)

========================================================================
Received Prepare
Registering precompiled user dll's ...
Registered in 0.001102 seconds.
Begin MonoManager ReloadAssembly
Native extension for WindowsStandalone target not found
Refreshing native plugins compatible for Editor in 0.20 ms, found 0 plugins.
Preloading 0 native plugins for Editor in 0.00 ms.
Mono: successfully reloaded assembly
- Completed reload, in  0.568 seconds
Platform modules already initialized, skipping
Refreshing native plugins compatible for Editor in 0.20 ms, found 0 plugins.
Preloading 0 native plugins for Editor in 0.00 ms.
Unloading 1275 Unused Serialized files (Serialized files now loaded: 0)
System memory in use before: 62.7 MB.
System memory in use after: 62.7 MB.

Unloading 8 unused Assets to reduce memory usage. Loaded Objects now: 1757.
Total: 1.357900 ms (FindLiveObjects: 0.118100 ms CreateObjectMapping: 0.031600 ms MarkObjects: 1.173700 ms  DeleteObjects: 0.033900 ms)

========================================================================
Received Import Request.
  Time since last request: 492.646636 seconds.
  path: Assets/Scripts/InputManager.cs
  artifactKey: Guid(0d1c144f0d7a4d94f9ae46ac5fd296f0) Importer(815301076,1909f56bfc062723c751e8b465ee728b)
Start importing Assets/Scripts/InputManager.cs using Guid(0d1c144f0d7a4d94f9ae46ac5fd296f0) Importer(815301076,1909f56bfc062723c751e8b465ee728b)  -> (artifact id: 'f9d8280b17d545e7148320b64568ce16') in 0.004102 seconds
  Import took 0.005984 seconds .

========================================================================
Received Prepare
Registering precompiled user dll's ...
Registered in 0.000884 seconds.
Begin MonoManager ReloadAssembly
Native extension for WindowsStandalone target not found
Refreshing native plugins compatible for Editor in 0.21 ms, found 0 plugins.
Preloading 0 native plugins for Editor in 0.00 ms.
Mono: successfully reloaded assembly
- Completed reload, in  0.562 seconds
Platform modules already initialized, skipping
Refreshing native plugins compatible for Editor in 0.17 ms, found 0 plugins.
Preloading 0 native plugins for Editor in 0.00 ms.
Unloading 1275 Unused Serialized files (Serialized files now loaded: 0)
System memory in use before: 62.7 MB.
System memory in use after: 62.7 MB.

Unloading 8 unused Assets to reduce memory usage. Loaded Objects now: 1760.
Total: 1.186300 ms (FindLiveObjects: 0.102300 ms CreateObjectMapping: 0.029000 ms MarkObjects: 1.023100 ms  DeleteObjects: 0.031200 ms)

========================================================================
Received Import Request.
  Time since last request: 211.238255 seconds.
  path: Assets/Scripts/InputManager.cs
  artifactKey: Guid(0d1c144f0d7a4d94f9ae46ac5fd296f0) Importer(815301076,1909f56bfc062723c751e8b465ee728b)
Start importing Assets/Scripts/InputManager.cs using Guid(0d1c144f0d7a4d94f9ae46ac5fd296f0) Importer(815301076,1909f56bfc062723c751e8b465ee728b)  -> (artifact id: '401e6e19c53585bb80a3c7e61114965f') in 0.004625 seconds
  Import took 0.006277 seconds .

========================================================================
Received Prepare
Registering precompiled user dll's ...
Registered in 0.000849 seconds.
Begin MonoManager ReloadAssembly
Native extension for WindowsStandalone target not found
Refreshing native plugins compatible for Editor in 0.20 ms, found 0 plugins.
Preloading 0 native plugins for Editor in 0.00 ms.
Mono: successfully reloaded assembly
- Completed reload, in  0.551 seconds
Platform modules already initialized, skipping
Refreshing native plugins compatible for Editor in 0.17 ms, found 0 plugins.
Preloading 0 native plugins for Editor in 0.00 ms.
Unloading 1275 Unused Serialized files (Serialized files now loaded: 0)
System memory in use before: 62.7 MB.
System memory in use after: 62.7 MB.

Unloading 8 unused Assets to reduce memory usage. Loaded Objects now: 1763.
Total: 1.182600 ms (FindLiveObjects: 0.099800 ms CreateObjectMapping: 0.030200 ms MarkObjects: 1.021100 ms  DeleteObjects: 0.030900 ms)

========================================================================
Received Prepare
Registering precompiled user dll's ...
Registered in 0.000999 seconds.
Begin MonoManager ReloadAssembly
Native extension for WindowsStandalone target not found
Refreshing native plugins compatible for Editor in 0.21 ms, found 0 plugins.
Preloading 0 native plugins for Editor in 0.00 ms.
Mono: successfully reloaded assembly
- Completed reload, in  0.555 seconds
Platform modules already initialized, skipping
Refreshing native plugins compatible for Editor in 0.20 ms, found 0 plugins.
Preloading 0 native plugins for Editor in 0.00 ms.
Unloading 1275 Unused Serialized files (Serialized files now loaded: 0)
System memory in use before: 62.7 MB.
System memory in use after: 62.7 MB.

Unloading 8 unused Assets to reduce memory usage. Loaded Objects now: 1766.
Total: 1.190700 ms (FindLiveObjects: 0.103700 ms CreateObjectMapping: 0.030500 ms MarkObjects: 1.023000 ms  DeleteObjects: 0.033000 ms)

========================================================================
Received Prepare
Registering precompiled user dll's ...
Registered in 0.000883 seconds.
Begin MonoManager ReloadAssembly
Native extension for WindowsStandalone target not found
Refreshing native plugins compatible for Editor in 0.21 ms, found 0 plugins.
Preloading 0 native plugins for Editor in 0.00 ms.
Mono: successfully reloaded assembly
- Completed reload, in  0.554 seconds
Platform modules already initialized, skipping
Refreshing native plugins compatible for Editor in 0.21 ms, found 0 plugins.
Preloading 0 native plugins for Editor in 0.00 ms.
Unloading 1275 Unused Serialized files (Serialized files now loaded: 0)
System memory in use before: 62.7 MB.
System memory in use after: 62.7 MB.

Unloading 8 unused Assets to reduce memory usage. Loaded Objects now: 1769.
Total: 1.224500 ms (FindLiveObjects: 0.112600 ms CreateObjectMapping: 0.030200 ms MarkObjects: 1.043500 ms  DeleteObjects: 0.037500 ms)

========================================================================
Received Prepare
Registering precompiled user dll's ...
Registered in 0.000854 seconds.
Begin MonoManager ReloadAssembly
Native extension for WindowsStandalone target not found
Refreshing native plugins compatible for Editor in 0.22 ms, found 0 plugins.
Preloading 0 native plugins for Editor in 0.00 ms.
Mono: successfully reloaded assembly
- Completed reload, in  0.566 seconds
Platform modules already initialized, skipping
Refreshing native plugins compatible for Editor in 0.19 ms, found 0 plugins.
Preloading 0 native plugins for Editor in 0.00 ms.
Unloading 1275 Unused Serialized files (Serialized files now loaded: 0)
System memory in use before: 62.7 MB.
System memory in use after: 62.8 MB.

Unloading 8 unused Assets to reduce memory usage. Loaded Objects now: 1772.
Total: 1.206300 ms (FindLiveObjects: 0.102100 ms CreateObjectMapping: 0.030000 ms MarkObjects: 1.041300 ms  DeleteObjects: 0.032100 ms)

========================================================================
Received Prepare
Registering precompiled user dll's ...
Registered in 0.000945 seconds.
Begin MonoManager ReloadAssembly
Native extension for WindowsStandalone target not found
Refreshing native plugins compatible for Editor in 0.32 ms, found 0 plugins.
Preloading 0 native plugins for Editor in 0.00 ms.
Mono: successfully reloaded assembly
- Completed reload, in  0.569 seconds
Platform modules already initialized, skipping
Refreshing native plugins compatible for Editor in 0.18 ms, found 0 plugins.
Preloading 0 native plugins for Editor in 0.00 ms.
Unloading 1275 Unused Serialized files (Serialized files now loaded: 0)
System memory in use before: 62.7 MB.
System memory in use after: 62.8 MB.

Unloading 8 unused Assets to reduce memory usage. Loaded Objects now: 1775.
Total: 1.202000 ms (FindLiveObjects: 0.104900 ms CreateObjectMapping: 0.029600 ms MarkObjects: 1.036100 ms  DeleteObjects: 0.030800 ms)

========================================================================
Received Prepare
Registering precompiled user dll's ...
Registered in 0.000892 seconds.
Begin MonoManager ReloadAssembly
Native extension for WindowsStandalone target not found
Refreshing native plugins compatible for Editor in 0.20 ms, found 0 plugins.
Preloading 0 native plugins for Editor in 0.00 ms.
Mono: successfully reloaded assembly
- Completed reload, in  0.553 seconds
Platform modules already initialized, skipping
Refreshing native plugins compatible for Editor in 0.20 ms, found 0 plugins.
Preloading 0 native plugins for Editor in 0.00 ms.
Unloading 1275 Unused Serialized files (Serialized files now loaded: 0)
System memory in use before: 62.7 MB.
System memory in use after: 62.8 MB.

Unloading 8 unused Assets to reduce memory usage. Loaded Objects now: 1778.
Total: 1.253100 ms (FindLiveObjects: 0.111900 ms CreateObjectMapping: 0.031900 ms MarkObjects: 1.070800 ms  DeleteObjects: 0.037900 ms)

========================================================================
Received Prepare
Registering precompiled user dll's ...
Registered in 0.000942 seconds.
Begin MonoManager ReloadAssembly
Native extension for WindowsStandalone target not found
Refreshing native plugins compatible for Editor in 0.20 ms, found 0 plugins.
Preloading 0 native plugins for Editor in 0.00 ms.
Mono: successfully reloaded assembly
- Completed reload, in  0.560 seconds
Platform modules already initialized, skipping
Refreshing native plugins compatible for Editor in 0.17 ms, found 0 plugins.
Preloading 0 native plugins for Editor in 0.00 ms.
Unloading 1275 Unused Serialized files (Serialized files now loaded: 0)
System memory in use before: 62.7 MB.
System memory in use after: 62.8 MB.

Unloading 8 unused Assets to reduce memory usage. Loaded Objects now: 1781.
Total: 1.185400 ms (FindLiveObjects: 0.103500 ms CreateObjectMapping: 0.030800 ms MarkObjects: 1.020600 ms  DeleteObjects: 0.029600 ms)

========================================================================
Received Prepare
Registering precompiled user dll's ...
Registered in 0.000899 seconds.
Begin MonoManager ReloadAssembly
Native extension for WindowsStandalone target not found
Refreshing native plugins compatible for Editor in 0.20 ms, found 0 plugins.
Preloading 0 native plugins for Editor in 0.00 ms.
Mono: successfully reloaded assembly
- Completed reload, in  0.564 seconds
Platform modules already initialized, skipping
Refreshing native plugins compatible for Editor in 0.18 ms, found 0 plugins.
Preloading 0 native plugins for Editor in 0.00 ms.
Unloading 1275 Unused Serialized files (Serialized files now loaded: 0)
System memory in use before: 62.7 MB.
System memory in use after: 62.8 MB.

Unloading 8 unused Assets to reduce memory usage. Loaded Objects now: 1784.
Total: 1.213500 ms (FindLiveObjects: 0.108900 ms CreateObjectMapping: 0.031100 ms MarkObjects: 1.040200 ms  DeleteObjects: 0.032800 ms)

========================================================================
Received Prepare
Registering precompiled user dll's ...
Registered in 0.000920 seconds.
Begin MonoManager ReloadAssembly
Native extension for WindowsStandalone target not found
Refreshing native plugins compatible for Editor in 0.20 ms, found 0 plugins.
Preloading 0 native plugins for Editor in 0.00 ms.
Mono: successfully reloaded assembly
- Completed reload, in  0.559 seconds
Platform modules already initialized, skipping
Refreshing native plugins compatible for Editor in 0.17 ms, found 0 plugins.
Preloading 0 native plugins for Editor in 0.00 ms.
Unloading 1275 Unused Serialized files (Serialized files now loaded: 0)
System memory in use before: 62.7 MB.
System memory in use after: 62.8 MB.

Unloading 8 unused Assets to reduce memory usage. Loaded Objects now: 1787.
Total: 1.229100 ms (FindLiveObjects: 0.107500 ms CreateObjectMapping: 0.031100 ms MarkObjects: 1.057400 ms  DeleteObjects: 0.032600 ms)

========================================================================
Received Prepare
Registering precompiled user dll's ...
Registered in 0.000958 seconds.
Begin MonoManager ReloadAssembly
Native extension for WindowsStandalone target not found
Refreshing native plugins compatible for Editor in 0.20 ms, found 0 plugins.
Preloading 0 native plugins for Editor in 0.00 ms.
Mono: successfully reloaded assembly
- Completed reload, in  0.578 seconds
Platform modules already initialized, skipping
Refreshing native plugins compatible for Editor in 0.19 ms, found 0 plugins.
Preloading 0 native plugins for Editor in 0.00 ms.
Unloading 1275 Unused Serialized files (Serialized files now loaded: 0)
System memory in use before: 62.7 MB.
System memory in use after: 62.8 MB.

Unloading 8 unused Assets to reduce memory usage. Loaded Objects now: 1790.
Total: 1.238100 ms (FindLiveObjects: 0.109500 ms CreateObjectMapping: 0.032800 ms MarkObjects: 1.059300 ms  DeleteObjects: 0.035900 ms)

========================================================================
Received Prepare
Registering precompiled user dll's ...
Registered in 0.000896 seconds.
Begin MonoManager ReloadAssembly
Native extension for WindowsStandalone target not found
Refreshing native plugins compatible for Editor in 0.20 ms, found 0 plugins.
Preloading 0 native plugins for Editor in 0.00 ms.
Mono: successfully reloaded assembly
- Completed reload, in  0.560 seconds
Platform modules already initialized, skipping
Refreshing native plugins compatible for Editor in 0.20 ms, found 0 plugins.
Preloading 0 native plugins for Editor in 0.00 ms.
Unloading 1275 Unused Serialized files (Serialized files now loaded: 0)
System memory in use before: 62.7 MB.
System memory in use after: 62.8 MB.

Unloading 8 unused Assets to reduce memory usage. Loaded Objects now: 1793.
Total: 1.241100 ms (FindLiveObjects: 0.113200 ms CreateObjectMapping: 0.032300 ms MarkObjects: 1.058100 ms  DeleteObjects: 0.036900 ms)

========================================================================
Received Prepare
Registering precompiled user dll's ...
Registered in 0.000951 seconds.
Begin MonoManager ReloadAssembly
Native extension for WindowsStandalone target not found
Refreshing native plugins compatible for Editor in 0.22 ms, found 0 plugins.
Preloading 0 native plugins for Editor in 0.00 ms.
Mono: successfully reloaded assembly
- Completed reload, in  0.562 seconds
Platform modules already initialized, skipping
Refreshing native plugins compatible for Editor in 0.17 ms, found 0 plugins.
Preloading 0 native plugins for Editor in 0.00 ms.
Unloading 1275 Unused Serialized files (Serialized files now loaded: 0)
System memory in use before: 62.7 MB.
System memory in use after: 62.8 MB.

Unloading 8 unused Assets to reduce memory usage. Loaded Objects now: 1796.
Total: 1.269700 ms (FindLiveObjects: 0.106900 ms CreateObjectMapping: 0.030600 ms MarkObjects: 1.096500 ms  DeleteObjects: 0.035000 ms)

========================================================================
Received Prepare
Registering precompiled user dll's ...
Registered in 0.000971 seconds.
Begin MonoManager ReloadAssembly
Native extension for WindowsStandalone target not found
Refreshing native plugins compatible for Editor in 0.21 ms, found 0 plugins.
Preloading 0 native plugins for Editor in 0.00 ms.
Mono: successfully reloaded assembly
- Completed reload, in  0.556 seconds
Platform modules already initialized, skipping
Refreshing native plugins compatible for Editor in 0.19 ms, found 0 plugins.
Preloading 0 native plugins for Editor in 0.00 ms.
Unloading 1275 Unused Serialized files (Serialized files now loaded: 0)
System memory in use before: 62.7 MB.
System memory in use after: 62.8 MB.

Unloading 8 unused Assets to reduce memory usage. Loaded Objects now: 1799.
Total: 1.234300 ms (FindLiveObjects: 0.108200 ms CreateObjectMapping: 0.030600 ms MarkObjects: 1.061700 ms  DeleteObjects: 0.033200 ms)

========================================================================
Received Import Request.
  Time since last request: 605.449919 seconds.
  path: Assets/Animator/Character.controller
  artifactKey: Guid(d51e9c0ac67faf94d89d857e225ca2d6) Importer(815301076,1909f56bfc062723c751e8b465ee728b)
Start importing Assets/Animator/Character.controller using Guid(d51e9c0ac67faf94d89d857e225ca2d6) Importer(815301076,1909f56bfc062723c751e8b465ee728b)  -> (artifact id: 'ce19e2cd7e2c436908ee697a7fda5968') in 0.037789 seconds
  Import took 0.039484 seconds .

========================================================================
Received Prepare
Registering precompiled user dll's ...
Registered in 0.000948 seconds.
Begin MonoManager ReloadAssembly
Native extension for WindowsStandalone target not found
Refreshing native plugins compatible for Editor in 0.21 ms, found 0 plugins.
Preloading 0 native plugins for Editor in 0.00 ms.
Mono: successfully reloaded assembly
- Completed reload, in  0.542 seconds
Platform modules already initialized, skipping
Refreshing native plugins compatible for Editor in 0.16 ms, found 0 plugins.
Preloading 0 native plugins for Editor in 0.00 ms.
Unloading 1275 Unused Serialized files (Serialized files now loaded: 0)
System memory in use before: 62.7 MB.
System memory in use after: 62.8 MB.

Unloading 8 unused Assets to reduce memory usage. Loaded Objects now: 1802.
Total: 1.222000 ms (FindLiveObjects: 0.101500 ms CreateObjectMapping: 0.029600 ms MarkObjects: 1.059900 ms  DeleteObjects: 0.030400 ms)

========================================================================
Received Import Request.
  Time since last request: 135.536080 seconds.
  path: Assets/Animator/animation/New Avatar Mask.mask
  artifactKey: Guid(e38c8f1580a518749ba473d3265277b5) Importer(815301076,1909f56bfc062723c751e8b465ee728b)
Start importing Assets/Animator/animation/New Avatar Mask.mask using Guid(e38c8f1580a518749ba473d3265277b5) Importer(815301076,1909f56bfc062723c751e8b465ee728b)  -> (artifact id: '6b584d0459eba20ee18aa2473f4a4dcb') in 0.013650 seconds
  Import took 0.015485 seconds .

========================================================================
Received Import Request.
  Time since last request: 60.521537 seconds.
  path: Assets/Model/Character/Character.fbx
  artifactKey: Guid(4aaed58c678a4b84b95859e930070017) Importer(815301076,1909f56bfc062723c751e8b465ee728b)
Start importing Assets/Model/Character/Character.fbx using Guid(4aaed58c678a4b84b95859e930070017) Importer(815301076,1909f56bfc062723c751e8b465ee728b)  -> (artifact id: '482c28c296d1ced548346d63334dfd86') in 0.170288 seconds
  Import took 0.172208 seconds .

========================================================================
Received Import Request.
  Time since last request: 76.479710 seconds.
  path: Assets/New Avatar Mask.mask
  artifactKey: Guid(89110c67dd90b734193572b2b29d6c92) Importer(815301076,1909f56bfc062723c751e8b465ee728b)
Start importing Assets/New Avatar Mask.mask using Guid(89110c67dd90b734193572b2b29d6c92) Importer(815301076,1909f56bfc062723c751e8b465ee728b)  -> (artifact id: '641d4c9dad3f7d87e716dea954dae3d0') in 0.001965 seconds
  Import took 0.003637 seconds .

========================================================================
Received Import Request.
  Time since last request: 63.999309 seconds.
  path: Assets/Model/Character/Character.fbx
  artifactKey: Guid(4aaed58c678a4b84b95859e930070017) Importer(815301076,1909f56bfc062723c751e8b465ee728b)
Start importing Assets/Model/Character/Character.fbx using Guid(4aaed58c678a4b84b95859e930070017) Importer(815301076,1909f56bfc062723c751e8b465ee728b)  -> (artifact id: 'ba8f772e77118867f7e91a3a45253f66') in 0.039872 seconds
  Import took 0.041786 seconds .

========================================================================
Received Import Request.
  Time since last request: 37.837631 seconds.
  path: Assets/Model/Character/Character.fbx
  artifactKey: Guid(4aaed58c678a4b84b95859e930070017) Importer(815301076,1909f56bfc062723c751e8b465ee728b)
Start importing Assets/Model/Character/Character.fbx using Guid(4aaed58c678a4b84b95859e930070017) Importer(815301076,1909f56bfc062723c751e8b465ee728b)  -> (artifact id: '4b8cf1670a1837524ae974f9fcc3752a') in 0.045131 seconds
  Import took 0.047137 seconds .

========================================================================
Received Import Request.
  Time since last request: 10.931312 seconds.
  path: Assets/Model/Character/Character.fbx
  artifactKey: Guid(4aaed58c678a4b84b95859e930070017) Importer(815301076,1909f56bfc062723c751e8b465ee728b)
Start importing Assets/Model/Character/Character.fbx using Guid(4aaed58c678a4b84b95859e930070017) Importer(815301076,1909f56bfc062723c751e8b465ee728b)  -> (artifact id: 'da1e0610f0d4843738a3d583321dc8ea') in 0.043217 seconds
  Import took 0.045112 seconds .

========================================================================
Received Import Request.
  Time since last request: 5.054629 seconds.
  path: Assets/Model/Character/Character.fbx
  artifactKey: Guid(4aaed58c678a4b84b95859e930070017) Importer(815301076,1909f56bfc062723c751e8b465ee728b)
Start importing Assets/Model/Character/Character.fbx using Guid(4aaed58c678a4b84b95859e930070017) Importer(815301076,1909f56bfc062723c751e8b465ee728b)  -> (artifact id: 'c9d9c6e8a71c95ef8610db1266ebdfad') in 0.033982 seconds
  Import took 0.035920 seconds .

========================================================================
Received Import Request.
  Time since last request: 5.464791 seconds.
  path: Assets/Model/Character/Character.fbx
  artifactKey: Guid(4aaed58c678a4b84b95859e930070017) Importer(815301076,1909f56bfc062723c751e8b465ee728b)
Start importing Assets/Model/Character/Character.fbx using Guid(4aaed58c678a4b84b95859e930070017) Importer(815301076,1909f56bfc062723c751e8b465ee728b)  -> (artifact id: 'fdd175549703336bac516835bb17a744') in 0.037456 seconds
  Import took 0.039476 seconds .

========================================================================
Received Import Request.
  Time since last request: 13.055999 seconds.
  path: Assets/Model/Character/Character.fbx
  artifactKey: Guid(4aaed58c678a4b84b95859e930070017) Importer(815301076,1909f56bfc062723c751e8b465ee728b)
Start importing Assets/Model/Character/Character.fbx using Guid(4aaed58c678a4b84b95859e930070017) Importer(815301076,1909f56bfc062723c751e8b465ee728b)  -> (artifact id: '4d1aa6b3ce36238847a9036e938994bc') in 0.042566 seconds
  Import took 0.044438 seconds .

========================================================================
Received Prepare
Registering precompiled user dll's ...
Registered in 0.000960 seconds.
Begin MonoManager ReloadAssembly
Native extension for WindowsStandalone target not found
Refreshing native plugins compatible for Editor in 0.20 ms, found 0 plugins.
Preloading 0 native plugins for Editor in 0.00 ms.
Mono: successfully reloaded assembly
- Completed reload, in  0.552 seconds
Platform modules already initialized, skipping
Refreshing native plugins compatible for Editor in 0.18 ms, found 0 plugins.
Preloading 0 native plugins for Editor in 0.00 ms.
Unloading 1275 Unused Serialized files (Serialized files now loaded: 0)
System memory in use before: 79.7 MB.
System memory in use after: 79.8 MB.

Unloading 8 unused Assets to reduce memory usage. Loaded Objects now: 1816.
Total: 1.266100 ms (FindLiveObjects: 0.110900 ms CreateObjectMapping: 0.031000 ms MarkObjects: 1.093100 ms  DeleteObjects: 0.030600 ms)

========================================================================
Received Import Request.
  Time since last request: 20.360280 seconds.
  path: Assets/Model/Character/Character.fbx
  artifactKey: Guid(4aaed58c678a4b84b95859e930070017) Importer(815301076,1909f56bfc062723c751e8b465ee728b)
Start importing Assets/Model/Character/Character.fbx using Guid(4aaed58c678a4b84b95859e930070017) Importer(815301076,1909f56bfc062723c751e8b465ee728b)  -> (artifact id: '2310bc24aca879043016d1ef6f261794') in 0.070678 seconds
  Import took 0.072407 seconds .

========================================================================
Received Import Request.
  Time since last request: 2.402834 seconds.
  path: Assets/Model/Character/Character.fbx
  artifactKey: Guid(4aaed58c678a4b84b95859e930070017) Importer(815301076,1909f56bfc062723c751e8b465ee728b)
Start importing Assets/Model/Character/Character.fbx using Guid(4aaed58c678a4b84b95859e930070017) Importer(815301076,1909f56bfc062723c751e8b465ee728b)  -> (artifact id: 'add8dd95304bd612b29bc1c4683dc2a1') in 0.035807 seconds
  Import took 0.037611 seconds .

========================================================================
Received Import Request.
  Time since last request: 2.403703 seconds.
  path: Assets/Model/Character/Character.fbx
  artifactKey: Guid(4aaed58c678a4b84b95859e930070017) Importer(815301076,1909f56bfc062723c751e8b465ee728b)
Start importing Assets/Model/Character/Character.fbx using Guid(4aaed58c678a4b84b95859e930070017) Importer(815301076,1909f56bfc062723c751e8b465ee728b)  -> (artifact id: '97ff6a50867dcba0844c04d0fad6b788') in 0.035394 seconds
  Import took 0.037427 seconds .

========================================================================
Received Import Request.
  Time since last request: 6.550810 seconds.
  path: Assets/Model/Character/Character.fbx
  artifactKey: Guid(4aaed58c678a4b84b95859e930070017) Importer(815301076,1909f56bfc062723c751e8b465ee728b)
Start importing Assets/Model/Character/Character.fbx using Guid(4aaed58c678a4b84b95859e930070017) Importer(815301076,1909f56bfc062723c751e8b465ee728b)  -> (artifact id: '95122da4f594b87966410e6f52f18ba4') in 0.025305 seconds
  Import took 0.027135 seconds .

========================================================================
Received Import Request.
  Time since last request: 5.530458 seconds.
  path: Assets/Model/Character/Character.fbx
  artifactKey: Guid(4aaed58c678a4b84b95859e930070017) Importer(815301076,1909f56bfc062723c751e8b465ee728b)
Start importing Assets/Model/Character/Character.fbx using Guid(4aaed58c678a4b84b95859e930070017) Importer(815301076,1909f56bfc062723c751e8b465ee728b)  -> (artifact id: '79dbcf2db83c6c5a67730dfd00cc8ab3') in 0.045765 seconds
  Import took 0.047715 seconds .

========================================================================
Received Import Request.
  Time since last request: 7.225882 seconds.
  path: Assets/Model/Character/Character.fbx
  artifactKey: Guid(4aaed58c678a4b84b95859e930070017) Importer(815301076,1909f56bfc062723c751e8b465ee728b)
Start importing Assets/Model/Character/Character.fbx using Guid(4aaed58c678a4b84b95859e930070017) Importer(815301076,1909f56bfc062723c751e8b465ee728b)  -> (artifact id: '878442a82200b26c9261bbf7f96cd75b') in 0.052967 seconds
  Import took 0.054819 seconds .

========================================================================
Received Import Request.
  Time since last request: 15.393028 seconds.
  path: Assets/Model/Character/Character.fbx
  artifactKey: Guid(4aaed58c678a4b84b95859e930070017) Importer(815301076,1909f56bfc062723c751e8b465ee728b)
Start importing Assets/Model/Character/Character.fbx using Guid(4aaed58c678a4b84b95859e930070017) Importer(815301076,1909f56bfc062723c751e8b465ee728b)  -> (artifact id: '8577706ac8c223fc48e47c74b3506408') in 0.053357 seconds
  Import took 0.055311 seconds .

========================================================================
Received Import Request.
  Time since last request: 12.332306 seconds.
  path: Assets/Model/Character/Character.fbx
  artifactKey: Guid(4aaed58c678a4b84b95859e930070017) Importer(815301076,1909f56bfc062723c751e8b465ee728b)
Start importing Assets/Model/Character/Character.fbx using Guid(4aaed58c678a4b84b95859e930070017) Importer(815301076,1909f56bfc062723c751e8b465ee728b)  -> (artifact id: '2df43cb27263192aa2d3ae572b3bd58d') in 0.037473 seconds
  Import took 0.039421 seconds .

========================================================================
Received Prepare
Registering precompiled user dll's ...
Registered in 0.000936 seconds.
Begin MonoManager ReloadAssembly
Native extension for WindowsStandalone target not found
Refreshing native plugins compatible for Editor in 0.20 ms, found 0 plugins.
Preloading 0 native plugins for Editor in 0.00 ms.
Mono: successfully reloaded assembly
- Completed reload, in  0.547 seconds
Platform modules already initialized, skipping
Refreshing native plugins compatible for Editor in 0.17 ms, found 0 plugins.
Preloading 0 native plugins for Editor in 0.00 ms.
Unloading 1275 Unused Serialized files (Serialized files now loaded: 0)
System memory in use before: 79.7 MB.
System memory in use after: 79.8 MB.

Unloading 8 unused Assets to reduce memory usage. Loaded Objects now: 1820.
Total: 1.254600 ms (FindLiveObjects: 0.111300 ms CreateObjectMapping: 0.035500 ms MarkObjects: 1.076800 ms  DeleteObjects: 0.030500 ms)

========================================================================
Received Import Request.
  Time since last request: 5178.699852 seconds.
  path: Assets/Model/Character/Character_left.fbx
  artifactKey: Guid(8b813aa120c9a60459e7901103eb197b) Importer(815301076,1909f56bfc062723c751e8b465ee728b)
Start importing Assets/Model/Character/Character_left.fbx using Guid(8b813aa120c9a60459e7901103eb197b) Importer(815301076,1909f56bfc062723c751e8b465ee728b)  -> (artifact id: '9dcbbbad47f65018eaaf83fde0c150ca') in 0.108494 seconds
  Import took 0.110830 seconds .

========================================================================
Received Import Request.
  Time since last request: 1.019710 seconds.
  path: Assets/Model/Character/mixamo.com.anim
  artifactKey: Guid(2630dadf1cddab94090296fca2401e33) Importer(815301076,1909f56bfc062723c751e8b465ee728b)
Start importing Assets/Model/Character/mixamo.com.anim using Guid(2630dadf1cddab94090296fca2401e33) Importer(815301076,1909f56bfc062723c751e8b465ee728b)  -> (artifact id: 'd97821ffdca2002868ede6566106e415') in 0.008267 seconds
  Import took 0.010018 seconds .

========================================================================
Received Import Request.
  Time since last request: 0.000356 seconds.
  path: Assets/Model/Character/mixamo.com.anim
  artifactKey: Guid(2630dadf1cddab94090296fca2401e33) Importer(815301076,1909f56bfc062723c751e8b465ee728b)
Start importing Assets/Model/Character/mixamo.com.anim using Guid(2630dadf1cddab94090296fca2401e33) Importer(815301076,1909f56bfc062723c751e8b465ee728b)  -> (artifact id: 'd97821ffdca2002868ede6566106e415') in 0.003631 seconds
  Import took 0.005152 seconds .

========================================================================
Received Import Request.
  Time since last request: 15.359351 seconds.
  path: Assets/Model/Character/Character_left.anim
  artifactKey: Guid(2630dadf1cddab94090296fca2401e33) Importer(815301076,1909f56bfc062723c751e8b465ee728b)
Start importing Assets/Model/Character/Character_left.anim using Guid(2630dadf1cddab94090296fca2401e33) Importer(815301076,1909f56bfc062723c751e8b465ee728b)  -> (artifact id: 'c308e0c7c9e538f3dbade367da663b27') in 0.004157 seconds
  Import took 0.005908 seconds .

========================================================================
Received Import Request.
  Time since last request: 8.853393 seconds.
  path: Assets/Model/Character/Character_rigth.fbx
  artifactKey: Guid(6dfa1ac2073f9794dbf0e6e96d313d32) Importer(815301076,1909f56bfc062723c751e8b465ee728b)
Start importing Assets/Model/Character/Character_rigth.fbx using Guid(6dfa1ac2073f9794dbf0e6e96d313d32) Importer(815301076,1909f56bfc062723c751e8b465ee728b)  -> (artifact id: '6a7dce033a135664f54f2da3bd1b2ba9') in 0.040613 seconds
  Import took 0.042614 seconds .

========================================================================
Received Import Request.
  Time since last request: 0.729580 seconds.
  path: Assets/Model/Character/mixamo.com.anim
  artifactKey: Guid(9b84b8f805e10294a8b5b1b7f22c902a) Importer(815301076,1909f56bfc062723c751e8b465ee728b)
Start importing Assets/Model/Character/mixamo.com.anim using Guid(9b84b8f805e10294a8b5b1b7f22c902a) Importer(815301076,1909f56bfc062723c751e8b465ee728b)  -> (artifact id: 'd1d5ccfab97c876ceff3465e5a3f5b08') in 0.003780 seconds
  Import took 0.005457 seconds .

========================================================================
Received Import Request.
  Time since last request: 11.593105 seconds.
  path: Assets/Model/Character/Character_rigth.anim
  artifactKey: Guid(9b84b8f805e10294a8b5b1b7f22c902a) Importer(815301076,1909f56bfc062723c751e8b465ee728b)
Start importing Assets/Model/Character/Character_rigth.anim using Guid(9b84b8f805e10294a8b5b1b7f22c902a) Importer(815301076,1909f56bfc062723c751e8b465ee728b)  -> (artifact id: 'e19f5f67ca93df4564cec81f9059fd25') in 0.003777 seconds
  Import took 0.005491 seconds .

========================================================================
Received Import Request.
  Time since last request: 13.293839 seconds.
  path: Assets/Animator/animation/Character_rigth.anim
  artifactKey: Guid(9b84b8f805e10294a8b5b1b7f22c902a) Importer(815301076,1909f56bfc062723c751e8b465ee728b)
Start importing Assets/Animator/animation/Character_rigth.anim using Guid(9b84b8f805e10294a8b5b1b7f22c902a) Importer(815301076,1909f56bfc062723c751e8b465ee728b)  -> (artifact id: '9f23e9c4bbff17623e8fd699347ee371') in 0.003886 seconds
  Import took 0.005566 seconds .

========================================================================
Received Import Request.
  Time since last request: 179.483823 seconds.
  path: Assets/Animator/Character.controller
  artifactKey: Guid(d51e9c0ac67faf94d89d857e225ca2d6) Importer(815301076,1909f56bfc062723c751e8b465ee728b)
Start importing Assets/Animator/Character.controller using Guid(d51e9c0ac67faf94d89d857e225ca2d6) Importer(815301076,1909f56bfc062723c751e8b465ee728b)  -> (artifact id: '0998cbcbdc4e58ca9deefd6f3b33024c') in 0.013961 seconds
  Import took 0.016250 seconds .

========================================================================
Received Prepare
Registering precompiled user dll's ...
Registered in 0.000978 seconds.
Begin MonoManager ReloadAssembly
Native extension for WindowsStandalone target not found
Refreshing native plugins compatible for Editor in 0.20 ms, found 0 plugins.
Preloading 0 native plugins for Editor in 0.00 ms.
Mono: successfully reloaded assembly
- Completed reload, in  0.567 seconds
Platform modules already initialized, skipping
Refreshing native plugins compatible for Editor in 0.21 ms, found 0 plugins.
Preloading 0 native plugins for Editor in 0.00 ms.
Unloading 1275 Unused Serialized files (Serialized files now loaded: 0)
System memory in use before: 79.9 MB.
System memory in use after: 80.0 MB.

Unloading 8 unused Assets to reduce memory usage. Loaded Objects now: 1857.
Total: 1.463200 ms (FindLiveObjects: 0.137800 ms CreateObjectMapping: 0.037100 ms MarkObjects: 1.246400 ms  DeleteObjects: 0.041100 ms)

========================================================================
Received Prepare
Registering precompiled user dll's ...
Registered in 0.001011 seconds.
Begin MonoManager ReloadAssembly
Native extension for WindowsStandalone target not found
Refreshing native plugins compatible for Editor in 0.21 ms, found 0 plugins.
Preloading 0 native plugins for Editor in 0.00 ms.
Mono: successfully reloaded assembly
- Completed reload, in  0.559 seconds
Platform modules already initialized, skipping
Refreshing native plugins compatible for Editor in 0.18 ms, found 0 plugins.
Preloading 0 native plugins for Editor in 0.00 ms.
Unloading 1275 Unused Serialized files (Serialized files now loaded: 0)
System memory in use before: 79.9 MB.
System memory in use after: 80.0 MB.

Unloading 8 unused Assets to reduce memory usage. Loaded Objects now: 1860.
Total: 1.276100 ms (FindLiveObjects: 0.115900 ms CreateObjectMapping: 0.030600 ms MarkObjects: 1.095600 ms  DeleteObjects: 0.033000 ms)

========================================================================
Received Prepare
Registering precompiled user dll's ...
Registered in 0.001032 seconds.
Begin MonoManager ReloadAssembly
Native extension for WindowsStandalone target not found
Refreshing native plugins compatible for Editor in 0.20 ms, found 0 plugins.
Preloading 0 native plugins for Editor in 0.00 ms.
Mono: successfully reloaded assembly
- Completed reload, in  0.591 seconds
Platform modules already initialized, skipping
Refreshing native plugins compatible for Editor in 0.20 ms, found 0 plugins.
Preloading 0 native plugins for Editor in 0.00 ms.
Unloading 1275 Unused Serialized files (Serialized files now loaded: 0)
System memory in use before: 79.9 MB.
System memory in use after: 80.0 MB.

Unloading 8 unused Assets to reduce memory usage. Loaded Objects now: 1863.
Total: 1.362800 ms (FindLiveObjects: 0.138200 ms CreateObjectMapping: 0.035300 ms MarkObjects: 1.151300 ms  DeleteObjects: 0.037400 ms)

========================================================================
Received Prepare
Registering precompiled user dll's ...
Registered in 0.000886 seconds.
Begin MonoManager ReloadAssembly
Native extension for WindowsStandalone target not found
Refreshing native plugins compatible for Editor in 0.21 ms, found 0 plugins.
Preloading 0 native plugins for Editor in 0.00 ms.
Mono: successfully reloaded assembly
- Completed reload, in  0.562 seconds
Platform modules already initialized, skipping
Refreshing native plugins compatible for Editor in 0.19 ms, found 0 plugins.
Preloading 0 native plugins for Editor in 0.00 ms.
Unloading 1275 Unused Serialized files (Serialized files now loaded: 0)
System memory in use before: 79.9 MB.
System memory in use after: 80.0 MB.

Unloading 8 unused Assets to reduce memory usage. Loaded Objects now: 1866.
Total: 1.238000 ms (FindLiveObjects: 0.117800 ms CreateObjectMapping: 0.031400 ms MarkObjects: 1.057600 ms  DeleteObjects: 0.030500 ms)

========================================================================
Received Prepare
Registering precompiled user dll's ...
Registered in 0.001018 seconds.
Begin MonoManager ReloadAssembly
Native extension for WindowsStandalone target not found
Refreshing native plugins compatible for Editor in 0.20 ms, found 0 plugins.
Preloading 0 native plugins for Editor in 0.00 ms.
Mono: successfully reloaded assembly
- Completed reload, in  0.557 seconds
Platform modules already initialized, skipping
Refreshing native plugins compatible for Editor in 0.17 ms, found 0 plugins.
Preloading 0 native plugins for Editor in 0.00 ms.
Unloading 1275 Unused Serialized files (Serialized files now loaded: 0)
System memory in use before: 80.0 MB.
System memory in use after: 80.0 MB.

Unloading 8 unused Assets to reduce memory usage. Loaded Objects now: 1869.
Total: 1.310200 ms (FindLiveObjects: 0.115900 ms CreateObjectMapping: 0.031500 ms MarkObjects: 1.130900 ms  DeleteObjects: 0.031200 ms)

========================================================================
Received Prepare
Registering precompiled user dll's ...
Registered in 0.000959 seconds.
Begin MonoManager ReloadAssembly
Native extension for WindowsStandalone target not found
Refreshing native plugins compatible for Editor in 0.20 ms, found 0 plugins.
Preloading 0 native plugins for Editor in 0.00 ms.
Mono: successfully reloaded assembly
- Completed reload, in  0.554 seconds
Platform modules already initialized, skipping
Refreshing native plugins compatible for Editor in 0.18 ms, found 0 plugins.
Preloading 0 native plugins for Editor in 0.00 ms.
Unloading 1275 Unused Serialized files (Serialized files now loaded: 0)
System memory in use before: 80.0 MB.
System memory in use after: 80.0 MB.

Unloading 8 unused Assets to reduce memory usage. Loaded Objects now: 1872.
Total: 1.257700 ms (FindLiveObjects: 0.110900 ms CreateObjectMapping: 0.033100 ms MarkObjects: 1.081100 ms  DeleteObjects: 0.032000 ms)

========================================================================
Received Prepare
Registering precompiled user dll's ...
Registered in 0.000863 seconds.
Begin MonoManager ReloadAssembly
Native extension for WindowsStandalone target not found
Refreshing native plugins compatible for Editor in 0.20 ms, found 0 plugins.
Preloading 0 native plugins for Editor in 0.00 ms.
Mono: successfully reloaded assembly
- Completed reload, in  0.578 seconds
Platform modules already initialized, skipping
Refreshing native plugins compatible for Editor in 0.22 ms, found 0 plugins.
Preloading 0 native plugins for Editor in 0.00 ms.
Unloading 1275 Unused Serialized files (Serialized files now loaded: 0)
System memory in use before: 80.0 MB.
System memory in use after: 80.0 MB.

Unloading 8 unused Assets to reduce memory usage. Loaded Objects now: 1875.
Total: 1.322000 ms (FindLiveObjects: 0.121300 ms CreateObjectMapping: 0.032500 ms MarkObjects: 1.133800 ms  DeleteObjects: 0.033800 ms)

========================================================================
Received Prepare
Registering precompiled user dll's ...
Registered in 0.000864 seconds.
Begin MonoManager ReloadAssembly
Native extension for WindowsStandalone target not found
Refreshing native plugins compatible for Editor in 0.19 ms, found 0 plugins.
Preloading 0 native plugins for Editor in 0.00 ms.
Mono: successfully reloaded assembly
- Completed reload, in  0.567 seconds
Platform modules already initialized, skipping
Refreshing native plugins compatible for Editor in 0.23 ms, found 0 plugins.
Preloading 0 native plugins for Editor in 0.00 ms.
Unloading 1275 Unused Serialized files (Serialized files now loaded: 0)
System memory in use before: 80.0 MB.
System memory in use after: 80.0 MB.

Unloading 8 unused Assets to reduce memory usage. Loaded Objects now: 1878.
Total: 1.390900 ms (FindLiveObjects: 0.126700 ms CreateObjectMapping: 0.034300 ms MarkObjects: 1.190400 ms  DeleteObjects: 0.038700 ms)

========================================================================
Received Prepare
Registering precompiled user dll's ...
Registered in 0.000999 seconds.
Begin MonoManager ReloadAssembly
Native extension for WindowsStandalone target not found
Refreshing native plugins compatible for Editor in 0.20 ms, found 0 plugins.
Preloading 0 native plugins for Editor in 0.00 ms.
Mono: successfully reloaded assembly
- Completed reload, in  0.553 seconds
Platform modules already initialized, skipping
Refreshing native plugins compatible for Editor in 0.18 ms, found 0 plugins.
Preloading 0 native plugins for Editor in 0.00 ms.
Unloading 1275 Unused Serialized files (Serialized files now loaded: 0)
System memory in use before: 80.0 MB.
System memory in use after: 80.1 MB.

Unloading 8 unused Assets to reduce memory usage. Loaded Objects now: 1881.
Total: 1.235500 ms (FindLiveObjects: 0.109600 ms CreateObjectMapping: 0.030900 ms MarkObjects: 1.063800 ms  DeleteObjects: 0.030600 ms)

========================================================================
Received Prepare
Registering precompiled user dll's ...
Registered in 0.000888 seconds.
Begin MonoManager ReloadAssembly
Native extension for WindowsStandalone target not found
Refreshing native plugins compatible for Editor in 0.20 ms, found 0 plugins.
Preloading 0 native plugins for Editor in 0.00 ms.
Mono: successfully reloaded assembly
- Completed reload, in  0.568 seconds
Platform modules already initialized, skipping
Refreshing native plugins compatible for Editor in 0.22 ms, found 0 plugins.
Preloading 0 native plugins for Editor in 0.00 ms.
Unloading 1275 Unused Serialized files (Serialized files now loaded: 0)
System memory in use before: 80.0 MB.
System memory in use after: 80.1 MB.

Unloading 8 unused Assets to reduce memory usage. Loaded Objects now: 1884.
Total: 1.436400 ms (FindLiveObjects: 0.127100 ms CreateObjectMapping: 0.033200 ms MarkObjects: 1.236600 ms  DeleteObjects: 0.038600 ms)

========================================================================
Received Prepare
Registering precompiled user dll's ...
Registered in 0.001059 seconds.
Begin MonoManager ReloadAssembly
Native extension for WindowsStandalone target not found
Refreshing native plugins compatible for Editor in 0.27 ms, found 0 plugins.
Preloading 0 native plugins for Editor in 0.00 ms.
Mono: successfully reloaded assembly
- Completed reload, in  0.618 seconds
Platform modules already initialized, skipping
Refreshing native plugins compatible for Editor in 0.23 ms, found 0 plugins.
Preloading 0 native plugins for Editor in 0.00 ms.
Unloading 1275 Unused Serialized files (Serialized files now loaded: 0)
System memory in use before: 80.0 MB.
System memory in use after: 80.1 MB.

Unloading 8 unused Assets to reduce memory usage. Loaded Objects now: 1887.
Total: 1.984100 ms (FindLiveObjects: 0.142700 ms CreateObjectMapping: 0.062400 ms MarkObjects: 1.725800 ms  DeleteObjects: 0.052100 ms)

========================================================================
Received Prepare
Registering precompiled user dll's ...
Registered in 0.001021 seconds.
Begin MonoManager ReloadAssembly
Native extension for WindowsStandalone target not found
Refreshing native plugins compatible for Editor in 0.21 ms, found 0 plugins.
Preloading 0 native plugins for Editor in 0.00 ms.
Mono: successfully reloaded assembly
- Completed reload, in  0.582 seconds
Platform modules already initialized, skipping
Refreshing native plugins compatible for Editor in 0.22 ms, found 0 plugins.
Preloading 0 native plugins for Editor in 0.00 ms.
Unloading 1275 Unused Serialized files (Serialized files now loaded: 0)
System memory in use before: 80.0 MB.
System memory in use after: 80.1 MB.

Unloading 8 unused Assets to reduce memory usage. Loaded Objects now: 1890.
Total: 1.370000 ms (FindLiveObjects: 0.147800 ms CreateObjectMapping: 0.036500 ms MarkObjects: 1.140500 ms  DeleteObjects: 0.044300 ms)

========================================================================
Received Import Request.
  Time since last request: 1084.507436 seconds.
  path: Assets/Animator/Character.controller
  artifactKey: Guid(d51e9c0ac67faf94d89d857e225ca2d6) Importer(815301076,1909f56bfc062723c751e8b465ee728b)
Start importing Assets/Animator/Character.controller using Guid(d51e9c0ac67faf94d89d857e225ca2d6) Importer(815301076,1909f56bfc062723c751e8b465ee728b)  -> (artifact id: 'a24ad9cd27d40003c166afc2dba540a9') in 0.025907 seconds
  Import took 0.027756 seconds .

========================================================================
Received Prepare
Registering precompiled user dll's ...
Registered in 0.000956 seconds.
Begin MonoManager ReloadAssembly
Native extension for WindowsStandalone target not found
Refreshing native plugins compatible for Editor in 0.21 ms, found 0 plugins.
Preloading 0 native plugins for Editor in 0.00 ms.
Mono: successfully reloaded assembly
- Completed reload, in  0.583 seconds
Platform modules already initialized, skipping
Refreshing native plugins compatible for Editor in 0.19 ms, found 0 plugins.
Preloading 0 native plugins for Editor in 0.00 ms.
Unloading 1275 Unused Serialized files (Serialized files now loaded: 0)
System memory in use before: 80.0 MB.
System memory in use after: 80.1 MB.

Unloading 8 unused Assets to reduce memory usage. Loaded Objects now: 1893.
Total: 1.382700 ms (FindLiveObjects: 0.131400 ms CreateObjectMapping: 0.031600 ms MarkObjects: 1.183000 ms  DeleteObjects: 0.036200 ms)

========================================================================
Received Prepare
Registering precompiled user dll's ...
Registered in 0.000948 seconds.
Begin MonoManager ReloadAssembly
Native extension for WindowsStandalone target not found
Refreshing native plugins compatible for Editor in 0.20 ms, found 0 plugins.
Preloading 0 native plugins for Editor in 0.00 ms.
Mono: successfully reloaded assembly
- Completed reload, in  0.564 seconds
Platform modules already initialized, skipping
Refreshing native plugins compatible for Editor in 0.17 ms, found 0 plugins.
Preloading 0 native plugins for Editor in 0.00 ms.
Unloading 1275 Unused Serialized files (Serialized files now loaded: 0)
System memory in use before: 80.0 MB.
System memory in use after: 80.1 MB.

Unloading 8 unused Assets to reduce memory usage. Loaded Objects now: 1896.
Total: 1.232400 ms (FindLiveObjects: 0.111600 ms CreateObjectMapping: 0.030200 ms MarkObjects: 1.061000 ms  DeleteObjects: 0.029200 ms)

========================================================================
Received Prepare
Registering precompiled user dll's ...
Registered in 0.000943 seconds.
Begin MonoManager ReloadAssembly
Native extension for WindowsStandalone target not found
Refreshing native plugins compatible for Editor in 0.23 ms, found 0 plugins.
Preloading 0 native plugins for Editor in 0.00 ms.
Mono: successfully reloaded assembly
- Completed reload, in  0.573 seconds
Platform modules already initialized, skipping
Refreshing native plugins compatible for Editor in 0.19 ms, found 0 plugins.
Preloading 0 native plugins for Editor in 0.00 ms.
Unloading 1275 Unused Serialized files (Serialized files now loaded: 0)
System memory in use before: 80.0 MB.
System memory in use after: 80.1 MB.

Unloading 8 unused Assets to reduce memory usage. Loaded Objects now: 1899.
Total: 1.248000 ms (FindLiveObjects: 0.115600 ms CreateObjectMapping: 0.030600 ms MarkObjects: 1.068600 ms  DeleteObjects: 0.032400 ms)

========================================================================
Received Prepare
Registering precompiled user dll's ...
Registered in 0.000965 seconds.
Begin MonoManager ReloadAssembly
Native extension for WindowsStandalone target not found
Refreshing native plugins compatible for Editor in 0.21 ms, found 0 plugins.
Preloading 0 native plugins for Editor in 0.00 ms.
Mono: successfully reloaded assembly
- Completed reload, in  0.580 seconds
Platform modules already initialized, skipping
Refreshing native plugins compatible for Editor in 0.22 ms, found 0 plugins.
Preloading 0 native plugins for Editor in 0.00 ms.
Unloading 1275 Unused Serialized files (Serialized files now loaded: 0)
System memory in use before: 80.0 MB.
System memory in use after: 80.1 MB.

Unloading 8 unused Assets to reduce memory usage. Loaded Objects now: 1902.
Total: 1.309800 ms (FindLiveObjects: 0.129500 ms CreateObjectMapping: 0.035600 ms MarkObjects: 1.108100 ms  DeleteObjects: 0.036100 ms)

========================================================================
Received Prepare
Registering precompiled user dll's ...
Registered in 0.000947 seconds.
Begin MonoManager ReloadAssembly
Native extension for WindowsStandalone target not found
Refreshing native plugins compatible for Editor in 0.23 ms, found 0 plugins.
Preloading 0 native plugins for Editor in 0.00 ms.
Mono: successfully reloaded assembly
- Completed reload, in  0.564 seconds
Platform modules already initialized, skipping
Refreshing native plugins compatible for Editor in 0.21 ms, found 0 plugins.
Preloading 0 native plugins for Editor in 0.00 ms.
Unloading 1275 Unused Serialized files (Serialized files now loaded: 0)
System memory in use before: 80.0 MB.
System memory in use after: 80.1 MB.

Unloading 8 unused Assets to reduce memory usage. Loaded Objects now: 1905.
Total: 1.364300 ms (FindLiveObjects: 0.172400 ms CreateObjectMapping: 0.039100 ms MarkObjects: 1.115000 ms  DeleteObjects: 0.037100 ms)

========================================================================
Received Prepare
Registering precompiled user dll's ...
Registered in 0.000923 seconds.
Begin MonoManager ReloadAssembly
Native extension for WindowsStandalone target not found
Refreshing native plugins compatible for Editor in 0.20 ms, found 0 plugins.
Preloading 0 native plugins for Editor in 0.00 ms.
Mono: successfully reloaded assembly
- Completed reload, in  0.560 seconds
Platform modules already initialized, skipping
Refreshing native plugins compatible for Editor in 0.24 ms, found 0 plugins.
Preloading 0 native plugins for Editor in 0.00 ms.
Unloading 1275 Unused Serialized files (Serialized files now loaded: 0)
System memory in use before: 80.0 MB.
System memory in use after: 80.1 MB.

Unloading 8 unused Assets to reduce memory usage. Loaded Objects now: 1908.
Total: 1.405700 ms (FindLiveObjects: 0.125800 ms CreateObjectMapping: 0.032700 ms MarkObjects: 1.207900 ms  DeleteObjects: 0.038500 ms)

========================================================================
Received Prepare
Registering precompiled user dll's ...
Registered in 0.000877 seconds.
Begin MonoManager ReloadAssembly
Native extension for WindowsStandalone target not found
Refreshing native plugins compatible for Editor in 0.20 ms, found 0 plugins.
Preloading 0 native plugins for Editor in 0.00 ms.
Mono: successfully reloaded assembly
- Completed reload, in  0.574 seconds
Platform modules already initialized, skipping
Refreshing native plugins compatible for Editor in 0.18 ms, found 0 plugins.
Preloading 0 native plugins for Editor in 0.00 ms.
Unloading 1275 Unused Serialized files (Serialized files now loaded: 0)
System memory in use before: 80.0 MB.
System memory in use after: 80.1 MB.

Unloading 8 unused Assets to reduce memory usage. Loaded Objects now: 1911.
Total: 1.240200 ms (FindLiveObjects: 0.113400 ms CreateObjectMapping: 0.030900 ms MarkObjects: 1.064600 ms  DeleteObjects: 0.030700 ms)

========================================================================
Received Prepare
Registering precompiled user dll's ...
Registered in 0.000910 seconds.
Begin MonoManager ReloadAssembly
Native extension for WindowsStandalone target not found
Refreshing native plugins compatible for Editor in 0.22 ms, found 0 plugins.
Preloading 0 native plugins for Editor in 0.00 ms.
Mono: successfully reloaded assembly
- Completed reload, in  0.548 seconds
Platform modules already initialized, skipping
Refreshing native plugins compatible for Editor in 0.20 ms, found 0 plugins.
Preloading 0 native plugins for Editor in 0.00 ms.
Unloading 1275 Unused Serialized files (Serialized files now loaded: 0)
System memory in use before: 80.0 MB.
System memory in use after: 80.1 MB.

Unloading 8 unused Assets to reduce memory usage. Loaded Objects now: 1914.
Total: 1.265300 ms (FindLiveObjects: 0.115200 ms CreateObjectMapping: 0.032000 ms MarkObjects: 1.083400 ms  DeleteObjects: 0.034100 ms)

========================================================================
Received Import Request.
  Time since last request: 220.061372 seconds.
  path: Assets/Model/Character/Character_Back.fbx
  artifactKey: Guid(f9d5d9ed71a526546bd84d0a54c8aa69) Importer(815301076,1909f56bfc062723c751e8b465ee728b)
Start importing Assets/Model/Character/Character_Back.fbx using Guid(f9d5d9ed71a526546bd84d0a54c8aa69) Importer(815301076,1909f56bfc062723c751e8b465ee728b)  -> (artifact id: '10aa0bdf9f25a4fefdfae2b39960a034') in 0.093023 seconds
  Import took 0.095155 seconds .

========================================================================
Received Import Request.
  Time since last request: 0.749862 seconds.
  path: Assets/Model/Character/mixamo.com.anim
  artifactKey: Guid(a55d1ad038538f646966aec5d8e97536) Importer(815301076,1909f56bfc062723c751e8b465ee728b)
Start importing Assets/Model/Character/mixamo.com.anim using Guid(a55d1ad038538f646966aec5d8e97536) Importer(815301076,1909f56bfc062723c751e8b465ee728b)  -> (artifact id: 'b7e59b38f0c58fe792d06ea74d60adc1') in 0.003543 seconds
  Import took 0.005432 seconds .

========================================================================
Received Import Request.
  Time since last request: 12.796855 seconds.
  path: Assets/Model/Character/Character_Back.anim
  artifactKey: Guid(a55d1ad038538f646966aec5d8e97536) Importer(815301076,1909f56bfc062723c751e8b465ee728b)
Start importing Assets/Model/Character/Character_Back.anim using Guid(a55d1ad038538f646966aec5d8e97536) Importer(815301076,1909f56bfc062723c751e8b465ee728b)  -> (artifact id: '24def35e8521ac47f082ffa7a54d2575') in 0.003350 seconds
  Import took 0.005035 seconds .

========================================================================
Received Prepare
Registering precompiled user dll's ...
Registered in 0.001017 seconds.
Begin MonoManager ReloadAssembly
Native extension for WindowsStandalone target not found
Refreshing native plugins compatible for Editor in 0.21 ms, found 0 plugins.
Preloading 0 native plugins for Editor in 0.00 ms.
Mono: successfully reloaded assembly
- Completed reload, in  0.586 seconds
Platform modules already initialized, skipping
Refreshing native plugins compatible for Editor in 0.20 ms, found 0 plugins.
Preloading 0 native plugins for Editor in 0.00 ms.
Unloading 1275 Unused Serialized files (Serialized files now loaded: 0)
System memory in use before: 80.0 MB.
System memory in use after: 80.1 MB.

Unloading 8 unused Assets to reduce memory usage. Loaded Objects now: 1918.
Total: 1.314200 ms (FindLiveObjects: 0.128300 ms CreateObjectMapping: 0.032300 ms MarkObjects: 1.114800 ms  DeleteObjects: 0.038200 ms)

========================================================================
Received Import Request.
  Time since last request: 121.552934 seconds.
  path: Assets/Animator/animation/Character_Back.anim
  artifactKey: Guid(a55d1ad038538f646966aec5d8e97536) Importer(815301076,1909f56bfc062723c751e8b465ee728b)
Start importing Assets/Animator/animation/Character_Back.anim using Guid(a55d1ad038538f646966aec5d8e97536) Importer(815301076,1909f56bfc062723c751e8b465ee728b)  -> (artifact id: '0df188f7f44af0cfc208b3c569732e18') in 0.010597 seconds
  Import took 0.012195 seconds .

========================================================================
Received Prepare
Registering precompiled user dll's ...
Registered in 0.000941 seconds.
Begin MonoManager ReloadAssembly
Native extension for WindowsStandalone target not found
Refreshing native plugins compatible for Editor in 0.21 ms, found 0 plugins.
Preloading 0 native plugins for Editor in 0.00 ms.
Mono: successfully reloaded assembly
- Completed reload, in  0.562 seconds
Platform modules already initialized, skipping
Refreshing native plugins compatible for Editor in 0.19 ms, found 0 plugins.
Preloading 0 native plugins for Editor in 0.00 ms.
Unloading 1275 Unused Serialized files (Serialized files now loaded: 0)
System memory in use before: 80.1 MB.
System memory in use after: 80.1 MB.

Unloading 8 unused Assets to reduce memory usage. Loaded Objects now: 1921.
Total: 1.312800 ms (FindLiveObjects: 0.121200 ms CreateObjectMapping: 0.032200 ms MarkObjects: 1.124200 ms  DeleteObjects: 0.034600 ms)

========================================================================
Received Prepare
Registering precompiled user dll's ...
Registered in 0.000882 seconds.
Begin MonoManager ReloadAssembly
Native extension for WindowsStandalone target not found
Refreshing native plugins compatible for Editor in 0.20 ms, found 0 plugins.
Preloading 0 native plugins for Editor in 0.00 ms.
Mono: successfully reloaded assembly
- Completed reload, in  0.559 seconds
Platform modules already initialized, skipping
Refreshing native plugins compatible for Editor in 0.17 ms, found 0 plugins.
Preloading 0 native plugins for Editor in 0.00 ms.
Unloading 1275 Unused Serialized files (Serialized files now loaded: 0)
System memory in use before: 80.1 MB.
System memory in use after: 80.1 MB.

Unloading 8 unused Assets to reduce memory usage. Loaded Objects now: 1924.
Total: 1.246900 ms (FindLiveObjects: 0.117400 ms CreateObjectMapping: 0.032100 ms MarkObjects: 1.068700 ms  DeleteObjects: 0.028200 ms)

========================================================================
Received Prepare
Registering precompiled user dll's ...
Registered in 0.000884 seconds.
Begin MonoManager ReloadAssembly
Native extension for WindowsStandalone target not found
Refreshing native plugins compatible for Editor in 0.19 ms, found 0 plugins.
Preloading 0 native plugins for Editor in 0.00 ms.
Mono: successfully reloaded assembly
- Completed reload, in  0.563 seconds
Platform modules already initialized, skipping
Refreshing native plugins compatible for Editor in 0.19 ms, found 0 plugins.
Preloading 0 native plugins for Editor in 0.00 ms.
Unloading 1275 Unused Serialized files (Serialized files now loaded: 0)
System memory in use before: 80.1 MB.
System memory in use after: 80.1 MB.

Unloading 8 unused Assets to reduce memory usage. Loaded Objects now: 1927.
Total: 1.276100 ms (FindLiveObjects: 0.122400 ms CreateObjectMapping: 0.034500 ms MarkObjects: 1.084400 ms  DeleteObjects: 0.034300 ms)

AssetImportWorkerClient::OnTransportError - code=2 error=End of file
